<?xml version="1.0" encoding="UTF-8"?>
<!-- Generated by org.testng.reporters.JUnitReportReporter -->
<testsuite hostname="hp" name="testCases.VerifyHomePage" tests="1" failures="0" timestamp="4 Jul 2019 15:49:36 GMT" time="211.708" errors="0">
  <testcase name="setUp" time="211.708" classname="testCases.VerifyHomePage"/>
</testsuite> <!-- testCases.VerifyHomePage -->
