<?xml version="1.0" encoding="UTF-8"?>
<!-- Generated by org.testng.reporters.JUnitReportReporter -->
<testsuite hostname="hp" name="testCases.VerifyHomePage" tests="1" failures="0" timestamp="9 Jul 2019 16:32:05 GMT" time="58.810" errors="0">
  <testcase name="drivePages" time="58.810" classname="testCases.VerifyHomePage"/>
</testsuite> <!-- testCases.VerifyHomePage -->
