<?xml version="1.0" encoding="UTF-8"?>
<!-- Generated by org.testng.reporters.JUnitReportReporter -->
<testsuite hostname="hp" name="testCases.VerifyHomePage" tests="1" failures="0" timestamp="4 Jul 2019 16:18:57 GMT" time="183.478" errors="0">
  <testcase name="setUp" time="183.478" classname="testCases.VerifyHomePage"/>
</testsuite> <!-- testCases.VerifyHomePage -->
